<?xml version="1.0" encoding="UTF-8" ?>
<testsuite failures="0" time="0.44" errors="0" skipped="0" tests="4" name="com.fingerbook.rest.service.FingerbookServicesTest">
  <properties>
[...]
</properties>
  <testcase time="0.02" classname="com.fingerbook.rest.service.FingerbookServicesTest" name="testGetFingerbook"/>
  <testcase time="0" classname="com.fingerbook.rest.service.FingerbookServicesTest" name="testEmptyGetFingerbook"/>
  <testcase time="0" classname="com.fingerbook.rest.service.FingerbookServicesTest" name="testGetFingerprintsWithHash"/>
  <testcase time="0.368" classname="com.fingerbook.rest.service.FingerbookServicesTest" name="testEmptyGetFingerprintsWithHash"/>
</testsuite>