<?xml version="1.0" encoding="UTF-8" ?>
<testsuite failures="0" time="6.555" errors="0" skipped="0" tests="9" name="com.fingerbook.MyClassIntegrationTest">
  <properties>
[...]
</properties>
  <testcase time="5.087" classname="com.fingerbook.MyClassIntegrationTest" name="testMarkerMethod"/>
  <testcase time="0.598" classname="com.fingerbook.MyClassIntegrationTest" name="testCountMyClasses"/>
  <testcase time="0.045" classname="com.fingerbook.MyClassIntegrationTest" name="testFindMyClass"/>
  <testcase time="0.033" classname="com.fingerbook.MyClassIntegrationTest" name="testFindAllMyClasses"/>
  <testcase time="0.051" classname="com.fingerbook.MyClassIntegrationTest" name="testFindMyClassEntries"/>
  <testcase time="0.031" classname="com.fingerbook.MyClassIntegrationTest" name="testFlush"/>
  <testcase time="0.035" classname="com.fingerbook.MyClassIntegrationTest" name="testMerge"/>
  <testcase time="0.047" classname="com.fingerbook.MyClassIntegrationTest" name="testPersist"/>
  <testcase time="0.055" classname="com.fingerbook.MyClassIntegrationTest" name="testRemove"/>
</testsuite>